2022-10-29 13:25:44,757 __name__ INFO suryansh grover1999
2022-10-29 13:25:44,757 __name__ INFO suryanshgrover1999@email.com
2022-10-29 13:25:44,757 __name__ INFO Created Employee: suryansh grover1999 - suryanshgrover1999@email.com
2022-10-29 13:25:44,757 __name__ INFO spidey styles
2022-10-29 13:25:44,757 __name__ INFO spideystyles@email.com
2022-10-29 13:25:44,757 __name__ INFO Created Employee: spidey styles - spideystyles@email.com
2022-10-29 13:25:44,757 __name__ INFO sherlock holmes1854
2022-10-29 13:25:44,757 __name__ INFO sherlockholmes1854@email.com
2022-10-29 13:25:44,757 __name__ INFO Created Employee: sherlock holmes1854 - sherlockholmes1854@email.com

Getting stored by the actual logger name i.e. `employee` after the module is being imported into another module.
2022-10-29 13:29:49,627 employee INFO suryansh grover1999
2022-10-29 13:29:49,628 employee INFO suryanshgrover1999@email.com
2022-10-29 13:29:49,628 employee INFO Created Employee: suryansh grover1999 - suryanshgrover1999@email.com
2022-10-29 13:29:49,628 employee INFO spidey styles
2022-10-29 13:29:49,628 employee INFO spideystyles@email.com
2022-10-29 13:29:49,628 employee INFO Created Employee: spidey styles - spideystyles@email.com
2022-10-29 13:29:49,628 employee INFO sherlock holmes1854
2022-10-29 13:29:49,628 employee INFO sherlockholmes1854@email.com
2022-10-29 13:29:49,628 employee INFO Created Employee: sherlock holmes1854 - sherlockholmes1854@email.com

2022-10-29 13:49:07,921 __main__ INFO suryansh grover1999
2022-10-29 13:49:07,922 __main__ INFO suryanshgrover1999@email.com
2022-10-29 13:49:07,922 __main__ INFO Created Employee: suryansh grover1999 - suryanshgrover1999@email.com
2022-10-29 13:49:07,922 __main__ INFO spidey styles
2022-10-29 13:49:07,923 __main__ INFO spideystyles@email.com
2022-10-29 13:49:07,923 __main__ INFO Created Employee: spidey styles - spideystyles@email.com
2022-10-29 13:49:07,923 __main__ INFO sherlock holmes1854
2022-10-29 13:49:07,923 __main__ INFO sherlockholmes1854@email.com
2022-10-29 13:49:07,923 __main__ INFO Created Employee: sherlock holmes1854 - sherlockholmes1854@email.com

2022-10-29 14:07:55,193 employee INFO suryansh grover1999
2022-10-29 14:07:55,193 employee INFO suryanshgrover1999@email.com
2022-10-29 14:07:55,194 employee INFO Created Employee: suryansh grover1999 - suryanshgrover1999@email.com
2022-10-29 14:07:55,194 employee INFO spidey styles
2022-10-29 14:07:55,194 employee INFO spideystyles@email.com
2022-10-29 14:07:55,194 employee INFO Created Employee: spidey styles - spideystyles@email.com
2022-10-29 14:07:55,194 employee INFO sherlock holmes1854
2022-10-29 14:07:55,194 employee INFO sherlockholmes1854@email.com
2022-10-29 14:07:55,194 employee INFO Created Employee: sherlock holmes1854 - sherlockholmes1854@email.com
2022-10-29 14:14:12,964 __main__ INFO suryansh grover1999
2022-10-29 14:14:12,974 __main__ INFO suryanshgrover1999@email.com
2022-10-29 14:14:12,986 __main__ INFO Created Employee: suryansh grover1999 - suryanshgrover1999@email.com
2022-10-29 14:14:12,992 __main__ INFO spidey styles
2022-10-29 14:14:13,001 __main__ INFO spideystyles@email.com
2022-10-29 14:14:13,009 __main__ INFO Created Employee: spidey styles - spideystyles@email.com
2022-10-29 14:14:13,019 __main__ INFO sherlock holmes1854
2022-10-29 14:14:13,026 __main__ INFO sherlockholmes1854@email.com
2022-10-29 14:14:13,035 __main__ INFO Created Employee: sherlock holmes1854 - sherlockholmes1854@email.com
2022-10-29 14:16:47,196 __main__ INFO suryansh grover1999
2022-10-29 14:16:47,196 __main__ INFO suryanshgrover1999@email.com
2022-10-29 14:16:47,196 __main__ INFO Created Employee: suryansh grover1999 - suryanshgrover1999@email.com
2022-10-29 14:16:47,196 __main__ INFO spidey styles
2022-10-29 14:16:47,197 __main__ INFO spideystyles@email.com
2022-10-29 14:16:47,197 __main__ INFO Created Employee: spidey styles - spideystyles@email.com
2022-10-29 14:16:47,198 __main__ INFO sherlock holmes1854
2022-10-29 14:16:47,198 __main__ INFO sherlockholmes1854@email.com
2022-10-29 14:16:47,199 __main__ INFO Created Employee: sherlock holmes1854 - sherlockholmes1854@email.com
2022-10-29 14:19:21,425 __main__ INFO suryansh grover1999
2022-10-29 14:19:21,426 __main__ INFO suryanshgrover1999@email.com
2022-10-29 14:19:21,426 __main__ INFO Created Employee: suryansh grover1999 - suryanshgrover1999@email.com
2022-10-29 14:19:21,427 __main__ INFO spidey styles
2022-10-29 14:19:21,428 __main__ INFO spideystyles@email.com
2022-10-29 14:19:21,428 __main__ INFO Created Employee: spidey styles - spideystyles@email.com
2022-10-29 14:19:21,429 __main__ INFO sherlock holmes1854
2022-10-29 14:19:21,429 __main__ INFO sherlockholmes1854@email.com
2022-10-29 14:19:21,430 __main__ INFO Created Employee: sherlock holmes1854 - sherlockholmes1854@email.com
2022-10-29 14:21:19,639 __main__ INFO suryansh grover1999
2022-10-29 14:21:19,640 __main__ INFO suryanshgrover1999@email.com
2022-10-29 14:21:19,640 __main__ INFO Created Employee: suryansh grover1999 - suryanshgrover1999@email.com
2022-10-29 14:21:19,640 __main__ INFO spidey styles
2022-10-29 14:21:19,640 __main__ INFO spideystyles@email.com
2022-10-29 14:21:19,640 __main__ INFO Created Employee: spidey styles - spideystyles@email.com
2022-10-29 14:21:19,640 __main__ INFO sherlock holmes1854
2022-10-29 14:21:19,641 __main__ INFO sherlockholmes1854@email.com
2022-10-29 14:21:19,641 __main__ INFO Created Employee: sherlock holmes1854 - sherlockholmes1854@email.com
2022-10-29 14:29:56,888 __main__ INFO suryansh grover1999
2022-10-29 14:29:56,889 __main__ INFO suryanshgrover1999@email.com
2022-10-29 14:29:56,889 __main__ INFO Created Employee: suryansh grover1999 - suryanshgrover1999@email.com
2022-10-29 14:29:56,890 __main__ INFO spidey styles
2022-10-29 14:29:56,890 __main__ INFO spideystyles@email.com
2022-10-29 14:29:56,891 __main__ INFO Created Employee: spidey styles - spideystyles@email.com
2022-10-29 14:29:56,891 __main__ INFO sherlock holmes1854
2022-10-29 14:29:56,892 __main__ INFO sherlockholmes1854@email.com
2022-10-29 14:29:56,892 __main__ INFO Created Employee: sherlock holmes1854 - sherlockholmes1854@email.com
